[1.323s] Invoking command in '/home/mauricio/Desktop/cv_ws/src/cv_package': PYTHONPATH=/home/mauricio/Desktop/cv_ws/install/cv_package/lib/python3.8/site-packages:${PYTHONPATH} /usr/bin/python3 setup.py egg_info --egg-base ../../build/cv_package build --build-base /home/mauricio/Desktop/cv_ws/build/cv_package/build install --prefix /home/mauricio/Desktop/cv_ws/install/cv_package --record /home/mauricio/Desktop/cv_ws/build/cv_package/install.log --single-version-externally-managed
[1.781s] /usr/local/lib/python3.8/dist-packages/setuptools/dist.py:731: UserWarning: Usage of dash-separated 'script-dir' will not be supported in future versions. Please use the underscore name 'script_dir' instead
[1.781s]   warnings.warn(
[1.783s] /usr/local/lib/python3.8/dist-packages/setuptools/dist.py:731: UserWarning: Usage of dash-separated 'install-scripts' will not be supported in future versions. Please use the underscore name 'install_scripts' instead
[1.783s]   warnings.warn(
[1.881s] running egg_info
[1.897s] writing ../../build/cv_package/cv_package.egg-info/PKG-INFO
[1.897s] writing dependency_links to ../../build/cv_package/cv_package.egg-info/dependency_links.txt
[1.898s] writing entry points to ../../build/cv_package/cv_package.egg-info/entry_points.txt
[1.898s] writing requirements to ../../build/cv_package/cv_package.egg-info/requires.txt
[1.899s] writing top-level names to ../../build/cv_package/cv_package.egg-info/top_level.txt
[1.899s] reading manifest file '../../build/cv_package/cv_package.egg-info/SOURCES.txt'
[1.912s] running build
[1.913s] running build_py
[1.913s] running install
[1.913s] /usr/local/lib/python3.8/dist-packages/setuptools/command/install.py:34: SetuptoolsDeprecationWarning: setup.py install is deprecated. Use build and pip and other standards-based tools.
[1.920s]   warnings.warn(
[1.927s] running install_lib
[1.929s] copying /home/mauricio/Desktop/cv_ws/build/cv_package/build/lib/cv_package/webcam_pub.py -> /home/mauricio/Desktop/cv_ws/install/cv_package/lib/python3.8/site-packages/cv_package
[1.934s] running install_data
[1.937s] running install_egg_info
[1.946s] running install_scripts
[2.002s] Installing img_publisher script to /home/mauricio/Desktop/cv_ws/install/cv_package/lib/cv_package
[2.004s] Installing img_subscriber script to /home/mauricio/Desktop/cv_ws/install/cv_package/lib/cv_package
[2.077s] Invoked command in '/home/mauricio/Desktop/cv_ws/src/cv_package' returned '0': PYTHONPATH=/home/mauricio/Desktop/cv_ws/install/cv_package/lib/python3.8/site-packages:${PYTHONPATH} /usr/bin/python3 setup.py egg_info --egg-base ../../build/cv_package build --build-base /home/mauricio/Desktop/cv_ws/build/cv_package/build install --prefix /home/mauricio/Desktop/cv_ws/install/cv_package --record /home/mauricio/Desktop/cv_ws/build/cv_package/install.log --single-version-externally-managed
