[1.565s] Invoking command in '/home/mauricio/Desktop/cv_ws/src/cv_package': PYTHONPATH=/home/mauricio/Desktop/cv_ws/install/cv_package/lib/python3.8/site-packages:${PYTHONPATH} /usr/bin/python3 setup.py egg_info --egg-base ../../build/cv_package build --build-base /home/mauricio/Desktop/cv_ws/build/cv_package/build install --prefix /home/mauricio/Desktop/cv_ws/install/cv_package --record /home/mauricio/Desktop/cv_ws/build/cv_package/install.log --single-version-externally-managed
[1.957s] /usr/local/lib/python3.8/dist-packages/setuptools/dist.py:731: UserWarning: Usage of dash-separated 'script-dir' will not be supported in future versions. Please use the underscore name 'script_dir' instead
[1.957s]   warnings.warn(
[1.959s] /usr/local/lib/python3.8/dist-packages/setuptools/dist.py:731: UserWarning: Usage of dash-separated 'install-scripts' will not be supported in future versions. Please use the underscore name 'install_scripts' instead
[1.959s]   warnings.warn(
[2.038s] running egg_info
[2.040s] writing ../../build/cv_package/cv_package.egg-info/PKG-INFO
[2.042s] writing dependency_links to ../../build/cv_package/cv_package.egg-info/dependency_links.txt
[2.044s] writing entry points to ../../build/cv_package/cv_package.egg-info/entry_points.txt
[2.044s] writing requirements to ../../build/cv_package/cv_package.egg-info/requires.txt
[2.045s] writing top-level names to ../../build/cv_package/cv_package.egg-info/top_level.txt
[2.055s] reading manifest file '../../build/cv_package/cv_package.egg-info/SOURCES.txt'
[2.057s] running build
[2.058s] running build_py
[2.062s] running install
[2.063s] /usr/local/lib/python3.8/dist-packages/setuptools/command/install.py:34: SetuptoolsDeprecationWarning: setup.py install is deprecated. Use build and pip and other standards-based tools.
[2.064s]   warnings.warn(
[2.076s] running install_lib
[2.078s] copying /home/mauricio/Desktop/cv_ws/build/cv_package/build/lib/cv_package/webcam_sub.py -> /home/mauricio/Desktop/cv_ws/install/cv_package/lib/python3.8/site-packages/cv_package
[2.079s] copying /home/mauricio/Desktop/cv_ws/build/cv_package/build/lib/cv_package/__init__.py -> /home/mauricio/Desktop/cv_ws/install/cv_package/lib/python3.8/site-packages/cv_package
[2.079s] copying /home/mauricio/Desktop/cv_ws/build/cv_package/build/lib/cv_package/webcam_pub.py -> /home/mauricio/Desktop/cv_ws/install/cv_package/lib/python3.8/site-packages/cv_package
[2.082s] running install_data
[2.085s] running install_egg_info
[2.091s] running install_scripts
[2.128s] Installing img_publisher script to /home/mauricio/Desktop/cv_ws/install/cv_package/lib/cv_package
[2.129s] Installing img_subscriber script to /home/mauricio/Desktop/cv_ws/install/cv_package/lib/cv_package
[2.200s] Invoked command in '/home/mauricio/Desktop/cv_ws/src/cv_package' returned '0': PYTHONPATH=/home/mauricio/Desktop/cv_ws/install/cv_package/lib/python3.8/site-packages:${PYTHONPATH} /usr/bin/python3 setup.py egg_info --egg-base ../../build/cv_package build --build-base /home/mauricio/Desktop/cv_ws/build/cv_package/build install --prefix /home/mauricio/Desktop/cv_ws/install/cv_package --record /home/mauricio/Desktop/cv_ws/build/cv_package/install.log --single-version-externally-managed
