[1.643s] Invoking command in '/home/mauricio/Desktop/cv_ws/src/cv_package': PYTHONPATH=/home/mauricio/Desktop/cv_ws/install/cv_package/lib/python3.8/site-packages:${PYTHONPATH} /usr/bin/python3 setup.py egg_info --egg-base ../../build/cv_package build --build-base /home/mauricio/Desktop/cv_ws/build/cv_package/build install --prefix /home/mauricio/Desktop/cv_ws/install/cv_package --record /home/mauricio/Desktop/cv_ws/build/cv_package/install.log --single-version-externally-managed
[2.221s] /usr/local/lib/python3.8/dist-packages/setuptools/dist.py:731: UserWarning: Usage of dash-separated 'script-dir' will not be supported in future versions. Please use the underscore name 'script_dir' instead
[2.222s]   warnings.warn(
[2.222s] /usr/local/lib/python3.8/dist-packages/setuptools/dist.py:731: UserWarning: Usage of dash-separated 'install-scripts' will not be supported in future versions. Please use the underscore name 'install_scripts' instead
[2.222s]   warnings.warn(
[2.291s] running egg_info
[2.292s] writing ../../build/cv_package/cv_package.egg-info/PKG-INFO
[2.292s] writing dependency_links to ../../build/cv_package/cv_package.egg-info/dependency_links.txt
[2.293s] writing entry points to ../../build/cv_package/cv_package.egg-info/entry_points.txt
[2.294s] writing requirements to ../../build/cv_package/cv_package.egg-info/requires.txt
[2.295s] writing top-level names to ../../build/cv_package/cv_package.egg-info/top_level.txt
[2.302s] reading manifest file '../../build/cv_package/cv_package.egg-info/SOURCES.txt'
[2.304s] running build
[2.305s] running build_py
[2.306s] running install
[2.306s] /usr/local/lib/python3.8/dist-packages/setuptools/command/install.py:34: SetuptoolsDeprecationWarning: setup.py install is deprecated. Use build and pip and other standards-based tools.
[2.306s]   warnings.warn(
[2.316s] running install_lib
[2.317s] copying /home/mauricio/Desktop/cv_ws/build/cv_package/build/lib/cv_package/webcam_sub.py -> /home/mauricio/Desktop/cv_ws/install/cv_package/lib/python3.8/site-packages/cv_package
[2.319s] running install_data
[2.320s] running install_egg_info
[2.330s] running install_scripts
[2.367s] Installing img_publisher script to /home/mauricio/Desktop/cv_ws/install/cv_package/lib/cv_package
[2.368s] Installing img_subscriber script to /home/mauricio/Desktop/cv_ws/install/cv_package/lib/cv_package
[2.450s] Invoked command in '/home/mauricio/Desktop/cv_ws/src/cv_package' returned '0': PYTHONPATH=/home/mauricio/Desktop/cv_ws/install/cv_package/lib/python3.8/site-packages:${PYTHONPATH} /usr/bin/python3 setup.py egg_info --egg-base ../../build/cv_package build --build-base /home/mauricio/Desktop/cv_ws/build/cv_package/build install --prefix /home/mauricio/Desktop/cv_ws/install/cv_package --record /home/mauricio/Desktop/cv_ws/build/cv_package/install.log --single-version-externally-managed
