[1.362s] Invoking command in '/home/mauricio/Desktop/cv_ws/src/cv_package': PYTHONPATH=/home/mauricio/Desktop/cv_ws/install/cv_package/lib/python3.8/site-packages:${PYTHONPATH} /usr/bin/python3 setup.py egg_info --egg-base ../../build/cv_package build --build-base /home/mauricio/Desktop/cv_ws/build/cv_package/build install --prefix /home/mauricio/Desktop/cv_ws/install/cv_package --record /home/mauricio/Desktop/cv_ws/build/cv_package/install.log --single-version-externally-managed
[1.757s] /usr/local/lib/python3.8/dist-packages/setuptools/dist.py:731: UserWarning: Usage of dash-separated 'script-dir' will not be supported in future versions. Please use the underscore name 'script_dir' instead
[1.757s]   warnings.warn(
[1.757s] /usr/local/lib/python3.8/dist-packages/setuptools/dist.py:731: UserWarning: Usage of dash-separated 'install-scripts' will not be supported in future versions. Please use the underscore name 'install_scripts' instead
[1.757s]   warnings.warn(
[1.827s] running egg_info
[1.829s] writing ../../build/cv_package/cv_package.egg-info/PKG-INFO
[1.830s] writing dependency_links to ../../build/cv_package/cv_package.egg-info/dependency_links.txt
[1.831s] writing entry points to ../../build/cv_package/cv_package.egg-info/entry_points.txt
[1.831s] writing requirements to ../../build/cv_package/cv_package.egg-info/requires.txt
[1.832s] writing top-level names to ../../build/cv_package/cv_package.egg-info/top_level.txt
[1.837s] reading manifest file '../../build/cv_package/cv_package.egg-info/SOURCES.txt'
[1.838s] running build
[1.839s] running build_py
[1.840s] running install
[1.840s] /usr/local/lib/python3.8/dist-packages/setuptools/command/install.py:34: SetuptoolsDeprecationWarning: setup.py install is deprecated. Use build and pip and other standards-based tools.
[1.840s]   warnings.warn(
[1.851s] running install_lib
[1.853s] running install_data
[1.854s] running install_egg_info
[1.860s] running install_scripts
[1.894s] Installing img_publisher script to /home/mauricio/Desktop/cv_ws/install/cv_package/lib/cv_package
[1.895s] Installing img_subscriber script to /home/mauricio/Desktop/cv_ws/install/cv_package/lib/cv_package
[1.958s] Invoked command in '/home/mauricio/Desktop/cv_ws/src/cv_package' returned '0': PYTHONPATH=/home/mauricio/Desktop/cv_ws/install/cv_package/lib/python3.8/site-packages:${PYTHONPATH} /usr/bin/python3 setup.py egg_info --egg-base ../../build/cv_package build --build-base /home/mauricio/Desktop/cv_ws/build/cv_package/build install --prefix /home/mauricio/Desktop/cv_ws/install/cv_package --record /home/mauricio/Desktop/cv_ws/build/cv_package/install.log --single-version-externally-managed
