[1.338s] Invoking command in '/home/mauricio/Desktop/cv_ws/src/cv_package': PYTHONPATH=/home/mauricio/Desktop/cv_ws/install/cv_package/lib/python3.8/site-packages:${PYTHONPATH} /usr/bin/python3 setup.py egg_info --egg-base ../../build/cv_package build --build-base /home/mauricio/Desktop/cv_ws/build/cv_package/build install --prefix /home/mauricio/Desktop/cv_ws/install/cv_package --record /home/mauricio/Desktop/cv_ws/build/cv_package/install.log --single-version-externally-managed
[1.703s] /usr/local/lib/python3.8/dist-packages/setuptools/dist.py:731: UserWarning: Usage of dash-separated 'script-dir' will not be supported in future versions. Please use the underscore name 'script_dir' instead
[1.704s]   warnings.warn(
[1.704s] /usr/local/lib/python3.8/dist-packages/setuptools/dist.py:731: UserWarning: Usage of dash-separated 'install-scripts' will not be supported in future versions. Please use the underscore name 'install_scripts' instead
[1.704s]   warnings.warn(
[1.779s] running egg_info
[1.783s] writing ../../build/cv_package/cv_package.egg-info/PKG-INFO
[1.785s] writing dependency_links to ../../build/cv_package/cv_package.egg-info/dependency_links.txt
[1.786s] writing entry points to ../../build/cv_package/cv_package.egg-info/entry_points.txt
[1.786s] writing requirements to ../../build/cv_package/cv_package.egg-info/requires.txt
[1.786s] writing top-level names to ../../build/cv_package/cv_package.egg-info/top_level.txt
[1.790s] reading manifest file '../../build/cv_package/cv_package.egg-info/SOURCES.txt'
[1.793s] running build
[1.793s] running build_py
[1.795s] running install
[1.795s] /usr/local/lib/python3.8/dist-packages/setuptools/command/install.py:34: SetuptoolsDeprecationWarning: setup.py install is deprecated. Use build and pip and other standards-based tools.
[1.796s]   warnings.warn(
[1.807s] running install_lib
[1.810s] running install_data
[1.811s] running install_egg_info
[1.817s] running install_scripts
[1.851s] Installing img_publisher script to /home/mauricio/Desktop/cv_ws/install/cv_package/lib/cv_package
[1.853s] Installing img_subscriber script to /home/mauricio/Desktop/cv_ws/install/cv_package/lib/cv_package
[1.924s] Invoked command in '/home/mauricio/Desktop/cv_ws/src/cv_package' returned '0': PYTHONPATH=/home/mauricio/Desktop/cv_ws/install/cv_package/lib/python3.8/site-packages:${PYTHONPATH} /usr/bin/python3 setup.py egg_info --egg-base ../../build/cv_package build --build-base /home/mauricio/Desktop/cv_ws/build/cv_package/build install --prefix /home/mauricio/Desktop/cv_ws/install/cv_package --record /home/mauricio/Desktop/cv_ws/build/cv_package/install.log --single-version-externally-managed
