[1.416s] Invoking command in '/home/mauricio/Desktop/cv_ws/src/cv_package': PYTHONPATH=/home/mauricio/Desktop/cv_ws/install/cv_package/lib/python3.8/site-packages:${PYTHONPATH} /usr/bin/python3 setup.py egg_info --egg-base ../../build/cv_package build --build-base /home/mauricio/Desktop/cv_ws/build/cv_package/build install --prefix /home/mauricio/Desktop/cv_ws/install/cv_package --record /home/mauricio/Desktop/cv_ws/build/cv_package/install.log --single-version-externally-managed
[1.837s] /usr/local/lib/python3.8/dist-packages/setuptools/dist.py:731: UserWarning: Usage of dash-separated 'script-dir' will not be supported in future versions. Please use the underscore name 'script_dir' instead
[1.838s]   warnings.warn(
[1.839s] /usr/local/lib/python3.8/dist-packages/setuptools/dist.py:731: UserWarning: Usage of dash-separated 'install-scripts' will not be supported in future versions. Please use the underscore name 'install_scripts' instead
[1.839s]   warnings.warn(
[1.914s] running egg_info
[1.915s] writing ../../build/cv_package/cv_package.egg-info/PKG-INFO
[1.917s] writing dependency_links to ../../build/cv_package/cv_package.egg-info/dependency_links.txt
[1.918s] writing entry points to ../../build/cv_package/cv_package.egg-info/entry_points.txt
[1.919s] writing requirements to ../../build/cv_package/cv_package.egg-info/requires.txt
[1.919s] writing top-level names to ../../build/cv_package/cv_package.egg-info/top_level.txt
[1.926s] reading manifest file '../../build/cv_package/cv_package.egg-info/SOURCES.txt'
[1.930s] running build
[1.935s] running build_py
[1.935s] running install
[1.935s] /usr/local/lib/python3.8/dist-packages/setuptools/command/install.py:34: SetuptoolsDeprecationWarning: setup.py install is deprecated. Use build and pip and other standards-based tools.
[1.935s]   warnings.warn(
[1.943s] running install_lib
[1.943s] running install_data
[1.947s] running install_egg_info
[1.949s] running install_scripts
[1.985s] Installing img_publisher script to /home/mauricio/Desktop/cv_ws/install/cv_package/lib/cv_package
[1.986s] Installing img_subscriber script to /home/mauricio/Desktop/cv_ws/install/cv_package/lib/cv_package
[2.056s] Invoked command in '/home/mauricio/Desktop/cv_ws/src/cv_package' returned '0': PYTHONPATH=/home/mauricio/Desktop/cv_ws/install/cv_package/lib/python3.8/site-packages:${PYTHONPATH} /usr/bin/python3 setup.py egg_info --egg-base ../../build/cv_package build --build-base /home/mauricio/Desktop/cv_ws/build/cv_package/build install --prefix /home/mauricio/Desktop/cv_ws/install/cv_package --record /home/mauricio/Desktop/cv_ws/build/cv_package/install.log --single-version-externally-managed
