[1.616s] Invoking command in '/home/mauricio/Desktop/cv_ws/src/cv_package': PYTHONPATH=/home/mauricio/Desktop/cv_ws/install/cv_package/lib/python3.8/site-packages:${PYTHONPATH} /usr/bin/python3 setup.py egg_info --egg-base ../../build/cv_package build --build-base /home/mauricio/Desktop/cv_ws/build/cv_package/build install --prefix /home/mauricio/Desktop/cv_ws/install/cv_package --record /home/mauricio/Desktop/cv_ws/build/cv_package/install.log --single-version-externally-managed
[2.118s] /usr/local/lib/python3.8/dist-packages/setuptools/dist.py:731: UserWarning: Usage of dash-separated 'script-dir' will not be supported in future versions. Please use the underscore name 'script_dir' instead
[2.119s]   warnings.warn(
[2.120s] /usr/local/lib/python3.8/dist-packages/setuptools/dist.py:731: UserWarning: Usage of dash-separated 'install-scripts' will not be supported in future versions. Please use the underscore name 'install_scripts' instead
[2.120s]   warnings.warn(
[2.206s] running egg_info
[2.208s] writing ../../build/cv_package/cv_package.egg-info/PKG-INFO
[2.209s] writing dependency_links to ../../build/cv_package/cv_package.egg-info/dependency_links.txt
[2.210s] writing entry points to ../../build/cv_package/cv_package.egg-info/entry_points.txt
[2.211s] writing requirements to ../../build/cv_package/cv_package.egg-info/requires.txt
[2.211s] writing top-level names to ../../build/cv_package/cv_package.egg-info/top_level.txt
[2.222s] reading manifest file '../../build/cv_package/cv_package.egg-info/SOURCES.txt'
[2.225s] running build
[2.226s] running build_py
[2.227s] running install
[2.228s] /usr/local/lib/python3.8/dist-packages/setuptools/command/install.py:34: SetuptoolsDeprecationWarning: setup.py install is deprecated. Use build and pip and other standards-based tools.
[2.228s]   warnings.warn(
[2.241s] running install_lib
[2.247s] running install_data
[2.255s] running install_egg_info
[2.255s] running install_scripts
[2.293s] Installing img_publisher script to /home/mauricio/Desktop/cv_ws/install/cv_package/lib/cv_package
[2.293s] Installing img_subscriber script to /home/mauricio/Desktop/cv_ws/install/cv_package/lib/cv_package
[2.367s] Invoked command in '/home/mauricio/Desktop/cv_ws/src/cv_package' returned '0': PYTHONPATH=/home/mauricio/Desktop/cv_ws/install/cv_package/lib/python3.8/site-packages:${PYTHONPATH} /usr/bin/python3 setup.py egg_info --egg-base ../../build/cv_package build --build-base /home/mauricio/Desktop/cv_ws/build/cv_package/build install --prefix /home/mauricio/Desktop/cv_ws/install/cv_package --record /home/mauricio/Desktop/cv_ws/build/cv_package/install.log --single-version-externally-managed
